<?xml version="1.0" encoding="UTF-8"?>
<testng-results skipped="0" failed="0" ignored="0" total="1" passed="1">
  <reporter-output>
  </reporter-output>
  <suite name="Default suite" duration-ms="12133" started-at="2018-11-05T18:13:35Z" finished-at="2018-11-05T18:13:48Z">
    <groups>
    </groups>
    <test name="Default test" duration-ms="12133" started-at="2018-11-05T18:13:35Z" finished-at="2018-11-05T18:13:48Z">
      <class name="com.STLoginTest">
        <test-method status="PASS" signature="initialize()[pri:0, instance:com.STLoginTest@77fbd92c]" name="initialize" is-config="true" duration-ms="8935" started-at="2018-11-05T18:13:35Z" finished-at="2018-11-05T18:13:44Z">
          <reporter-output>
          </reporter-output>
        </test-method> <!-- initialize -->
        <test-method status="PASS" signature="loginST()[pri:0, instance:com.STLoginTest@77fbd92c]" name="loginST" duration-ms="3169" started-at="2018-11-05T18:13:44Z" finished-at="2018-11-05T18:13:48Z">
          <reporter-output>
          </reporter-output>
        </test-method> <!-- loginST -->
      </class> <!-- com.STLoginTest -->
    </test> <!-- Default test -->
  </suite> <!-- Default suite -->
</testng-results>
